<?xml version="1.0" encoding="UTF-8"?>
<!-- Generated by org.testng.reporters.JUnitReportReporter -->
<testsuite skipped="0" hostname="Aarons-MacBook-Pro.local" name="com.hrms.testcases.AddEmployeeTest" tests="1" failures="0" timestamp="2020-06-05T17:52:10 PDT" time="12.129" errors="0">
  <testcase name="LoginPageElements" time="12.129" classname="com.hrms.testcases.AddEmployeeTest"/>
  <system-out/>
</testsuite> <!-- com.hrms.testcases.AddEmployeeTest -->
